<?xml version="1.0" encoding="UTF-8"?>
<!-- Generated by org.testng.reporters.JUnitXMLReporter -->
<testsuite ignored="0" hostname="DESKTOP-5M0TAO1" failures="0" tests="2" name="Free CRM App Test Cases" time="12.594" errors="0" timestamp="20 Jun 2025 10:21:01 GMT">
  <testcase classname="com.qa.testcases.DashBoard_Test" name="verify_DashBoardPage" time="0.563"/>
  <testcase classname="com.qa.testcases.Login_Test" name="verify_LoginTest" time="4.704"/>
</testsuite> <!-- Free CRM App Test Cases -->
