<?xml version="1.0" encoding="UTF-8"?>
<testng-results ignored="0" total="2" passed="2" failed="0" skipped="0">
  <reporter-output>
  </reporter-output>
  <suite started-at="2025-06-20T10:20:49Z" name="FREE CRM Application Test Automation Test Suite" finished-at="2025-06-20T10:21:01Z" duration-ms="12594">
    <groups>
    </groups>
    <test started-at="2025-06-20T10:20:49Z" name="Free CRM App Test Cases" finished-at="2025-06-20T10:21:01Z" duration-ms="12594">
      <class name="com.qa.testcases.Login_Test">
        <test-method is-config="true" signature="setUp()[pri:0, instance:com.qa.testcases.Login_Test@4fe767f3]" started-at="2025-06-20T15:50:54Z" name="setUp" finished-at="2025-06-20T15:50:56Z" duration-ms="2540" status="PASS">
          <reporter-output>
          </reporter-output>
        </test-method> <!-- setUp -->
        <test-method signature="verify_LoginTest(java.lang.String, java.lang.String)[pri:0, instance:com.qa.testcases.Login_Test@4fe767f3]" started-at="2025-06-20T15:50:56Z" name="verify_LoginTest" data-provider="getLoginTestData" finished-at="2025-06-20T15:51:01Z" duration-ms="4704" status="PASS">
          <params>
            <param index="0">
              <value>
                <![CDATA[rupesh.gupta58@gmail.com]]>
              </value>
            </param>
            <param index="1">
              <value>
                <![CDATA[143@M.ummy]]>
              </value>
            </param>
          </params>
          <reporter-output>
          </reporter-output>
        </test-method> <!-- verify_LoginTest -->
        <test-method is-config="true" signature="tearDown()[pri:0, instance:com.qa.testcases.Login_Test@4fe767f3]" started-at="2025-06-20T15:51:01Z" name="tearDown" finished-at="2025-06-20T15:51:01Z" duration-ms="286" status="PASS">
          <reporter-output>
          </reporter-output>
        </test-method> <!-- tearDown -->
      </class> <!-- com.qa.testcases.Login_Test -->
      <class name="com.qa.testcases.DashBoard_Test">
        <test-method is-config="true" signature="setUp()[pri:0, instance:com.qa.testcases.DashBoard_Test@23529fee]" started-at="2025-06-20T15:50:49Z" name="setUp" finished-at="2025-06-20T15:50:52Z" duration-ms="3339" status="PASS">
          <reporter-output>
          </reporter-output>
        </test-method> <!-- setUp -->
        <test-method signature="verify_DashBoardPage()[pri:0, instance:com.qa.testcases.DashBoard_Test@23529fee]" started-at="2025-06-20T15:50:52Z" name="verify_DashBoardPage" finished-at="2025-06-20T15:50:53Z" duration-ms="563" status="PASS">
          <reporter-output>
          </reporter-output>
        </test-method> <!-- verify_DashBoardPage -->
        <test-method is-config="true" signature="tearDown()[pri:0, instance:com.qa.testcases.DashBoard_Test@23529fee]" started-at="2025-06-20T15:50:53Z" name="tearDown" finished-at="2025-06-20T15:50:53Z" duration-ms="277" status="PASS">
          <reporter-output>
          </reporter-output>
        </test-method> <!-- tearDown -->
      </class> <!-- com.qa.testcases.DashBoard_Test -->
    </test> <!-- Free CRM App Test Cases -->
  </suite> <!-- FREE CRM Application Test Automation Test Suite -->
</testng-results>
